Arguments: 
  /Users/tranjack/.nvm/versions/node/v16.20.1/bin/node /opt/homebrew/Cellar/yarn/1.22.19/libexec/bin/yarn.js start --watch

PATH: 
  /Users/tranjack/.bun/bin:/Users/tranjack/.nvm/versions/node/v16.20.1/bin:/opt/homebrew/bin:/opt/homebrew/sbin:/usr/local/bin:/usr/bin:/bin:/usr/sbin:/sbin:/Library/Apple/usr/bin:/Users/tranjack/.nvm/versions/node/v16.20.1/bin:/opt/homebrew/bin:/opt/homebrew/sbin:/Users/tranjack/.cargo/bin

Yarn version: 
  1.22.19

Node version: 
  16.20.1

Platform: 
  darwin arm64

Trace: 
  SyntaxError: /Users/tranjack/Works/VLU/my-atlas-boilerplate/package.json: Unexpected string in JSON at position 82
      at JSON.parse (<anonymous>)
      at /opt/homebrew/Cellar/yarn/1.22.19/libexec/lib/cli.js:1629:59
      at Generator.next (<anonymous>)
      at step (/opt/homebrew/Cellar/yarn/1.22.19/libexec/lib/cli.js:310:30)
      at /opt/homebrew/Cellar/yarn/1.22.19/libexec/lib/cli.js:321:13

npm manifest: 
  {
    "scripts": {
      "start": "bun main.ts",
      "dev": "bun --watch main.ts"
      "prettier": "prettier --write \"**/*.{js,ts}\"",
      "prettier:check": "prettier --check \"**/*.{js,ts}\""
    },
    "dependencies": {
      "@types/cookie-parser": "^1.4.6",
      "@types/cors": "^2.8.17",
      "@types/express-useragent": "^1.0.5",
      "@types/multer": "^1.4.11",
      "@types/swagger-jsdoc": "^6.0.4",
      "@types/swagger-ui-express": "^4.1.6",
      "@types/uuid": "^9.0.7",
      "cookie-parser": "^1.4.6",
      "cors": "^2.8.5",
      "dotenv": "^16.3.1",
      "ejs": "^3.1.9",
      "express": "^4.18.2",
      "express-useragent": "^1.0.15",
      "jsonwebtoken": "^9.0.2",
      "moment": "^2.29.4",
      "moment-timezone": "^0.5.43",
      "mongoose": "^8.0.1",
      "multer": "^1.4.5-lts.1",
      "passport": "^0.6.0",
      "passport-local": "^1.0.0",
      "path": "^0.12.7",
      "pm2": "^5.3.0",
      "recachegoose": "^10.0.1",
      "sharp": "^0.33.0",
      "swagger-jsdoc": "^6.2.8",
      "swagger-ui-express": "^5.0.0",
      "uuid": "^9.0.1",
      "yup": "^1.3.2"
    },
    "devDependencies": {
      "@types/bcrypt": "^5.0.2",
      "@types/express": "^4.17.21",
      "@types/jsonwebtoken": "^9.0.5",
      "@types/passport": "^1.0.16",
      "@types/passport-local": "^1.0.38",
      "bun-types": "latest",
      "prettier": "^3.1.0"
    },
    "name": "my-atlas-boilerplate",
    "module": "index.ts",
    "type": "module",
    "peerDependencies": {
      "typescript": "^5.0.0"
    }
  }

yarn manifest: 
  No manifest

Lockfile: 
  No lockfile
